<?xml version="1.0" encoding="UTF-8"?>
<!-- Generated by org.testng.reporters.JUnitReportReporter -->
<testsuite skipped="0" hostname="DESKTOP-6QKPK6B" name="com.employeeapi.testCases.TC003_Post_Employee" tests="2" failures="0" timestamp="02 Feb 2021 11:47:52 GMT" time="0.024" errors="0">
  <testcase name="checkResponseBody" time="0.017" classname="com.employeeapi.testCases.TC003_Post_Employee"/>
  <testcase name="checkStatusCode" time="0.007" classname="com.employeeapi.testCases.TC003_Post_Employee"/>
</testsuite> <!-- com.employeeapi.testCases.TC003_Post_Employee -->
